#
# There is insufficient memory for the Java Runtime Environment to continue.
# Native memory allocation (malloc) failed to allocate 681296 bytes for Chunk::new
# Possible reasons:
#   The system is out of physical RAM or swap space
#   The process is running with CompressedOops enabled, and the Java Heap may be blocking the growth of the native heap
# Possible solutions:
#   Reduce memory load on the system
#   Increase physical memory or swap space
#   Check if swap backing store is full
#   Decrease Java heap size (-Xmx/-Xms)
#   Decrease number of Java threads
#   Decrease Java thread stack sizes (-Xss)
#   Set larger code cache with -XX:ReservedCodeCacheSize=
#   JVM is running with Unscaled Compressed Oops mode in which the Java heap is
#     placed in the first 4GB address space. The Java Heap base address is the
#     maximum limit for the native heap growth. Please use -XX:HeapBaseMinAddress
#     to set the Java Heap base and to place the Java Heap above 4GB virtual address.
# This output file may be truncated or incomplete.
#
#  Out of Memory Error (arena.cpp:184), pid=19060, tid=19304
#
# JRE version: Java(TM) SE Runtime Environment (18.0.2.1+1) (build 18.0.2.1+1-1)
# Java VM: Java HotSpot(TM) 64-Bit Server VM (18.0.2.1+1-1, mixed mode, sharing, tiered, compressed oops, compressed class ptrs, g1 gc, windows-amd64)
# No core dump will be written. Minidumps are not enabled by default on client versions of Windows
#

---------------  S U M M A R Y ------------

Command Line: -Dfile.encoding=UTF-8 --module-path=C:\MUGESH\Quiz.Application\bin -XX:+ShowCodeDetailsInExceptionMessages -Djdk.module.main=Quiz.Application Quiz.Application/quiz.application.Login

Host: AMD Ryzen 5 5500U with Radeon Graphics         , 12 cores, 7G,  Windows 11 , 64 bit Build 22000 (10.0.22000.1335)
Time: Fri Mar 10 22:30:41 2023 India Standard Time elapsed time: 5.966387 seconds (0d 0h 0m 5s)

---------------  T H R E A D  ---------------

Current thread (0x00000144a99eb170):  JavaThread "C2 CompilerThread0" daemon [_thread_in_native, id=19304, stack(0x0000003807f00000,0x0000003808000000)]


Current CompileTask:
C2:   5966 1308       4       sun.swing.SwingUtilities2::getFontCharWidth (15 bytes)

Stack: [0x0000003807f00000,0x0000003808000000]
Native frames: (J=compiled Java code, j=interpreted, Vv=VM code, C=native code)
V  [jvm.dll+0x6993aa]
V  [jvm.dll+0x7f46dd]
V  [jvm.dll+0x7f5fee]
V  [jvm.dll+0x7f66a3]
V  [jvm.dll+0x25cf1f]
V  [jvm.dll+0xb8c2f]
V  [jvm.dll+0xb8fa5]
V  [jvm.dll+0x386091]
V  [jvm.dll+0x34fe71]
V  [jvm.dll+0x34f30a]
V  [jvm.dll+0x230101]
V  [jvm.dll+0x22f4d1]
V  [jvm.dll+0x1ba01c]
V  [jvm.dll+0x23ee0a]
V  [jvm.dll+0x23d0f5]
V  [jvm.dll+0x7a6dd1]
V  [jvm.dll+0x7a120a]
V  [jvm.dll+0x698255]
C  [ucrtbase.dll+0x26c0c]
C  [KERNEL32.DLL+0x155a0]
C  [ntdll.dll+0x485b]


---------------  P R O C E S S  ---------------

Threads class SMR info:
_java_thread_list=0x00000144adff1de0, length=20, elements={
0x00000144a99c05d0, 0x00000144a99c0f70, 0x00000144a99dc230, 0x00000144a99dcbd0,
0x00000144a99dd570, 0x00000144a99ea4a0, 0x00000144a99eb170, 0x00000144a99ebb50,
0x00000144a99ffb10, 0x00000144adc3d1f0, 0x00000144adce1c70, 0x00000144adeedae0,
0x00000144adef0a60, 0x00000144adef3df0, 0x00000144b0592c00, 0x000001448b96edf0,
0x00000144adc81ba0, 0x00000144b0732ee0, 0x00000144a9a513d0, 0x00000144b07b2320
}

Java Threads: ( => current thread )
  0x00000144a99c05d0 JavaThread "Reference Handler" daemon [_thread_blocked, id=19444, stack(0x0000003807900000,0x0000003807a00000)]
  0x00000144a99c0f70 JavaThread "Finalizer" daemon [_thread_blocked, id=21616, stack(0x0000003807a00000,0x0000003807b00000)]
  0x00000144a99dc230 JavaThread "Signal Dispatcher" daemon [_thread_blocked, id=22896, stack(0x0000003807b00000,0x0000003807c00000)]
  0x00000144a99dcbd0 JavaThread "Attach Listener" daemon [_thread_blocked, id=21636, stack(0x0000003807c00000,0x0000003807d00000)]
  0x00000144a99dd570 JavaThread "Service Thread" daemon [_thread_blocked, id=24248, stack(0x0000003807d00000,0x0000003807e00000)]
  0x00000144a99ea4a0 JavaThread "Monitor Deflation Thread" daemon [_thread_blocked, id=19880, stack(0x0000003807e00000,0x0000003807f00000)]
=>0x00000144a99eb170 JavaThread "C2 CompilerThread0" daemon [_thread_in_native, id=19304, stack(0x0000003807f00000,0x0000003808000000)]
  0x00000144a99ebb50 JavaThread "C1 CompilerThread0" daemon [_thread_blocked, id=5116, stack(0x0000003808000000,0x0000003808100000)]
  0x00000144a99ffb10 JavaThread "Sweeper thread" daemon [_thread_blocked, id=2632, stack(0x0000003808100000,0x0000003808200000)]
  0x00000144adc3d1f0 JavaThread "Common-Cleaner" daemon [_thread_blocked, id=22668, stack(0x0000003808200000,0x0000003808300000)]
  0x00000144adce1c70 JavaThread "Notification Thread" daemon [_thread_blocked, id=19336, stack(0x0000003808300000,0x0000003808400000)]
  0x00000144adeedae0 JavaThread "Java2D Disposer" daemon [_thread_blocked, id=18920, stack(0x0000003808500000,0x0000003808600000)]
  0x00000144adef0a60 JavaThread "AWT-Shutdown" [_thread_blocked, id=17400, stack(0x0000003808600000,0x0000003808700000)]
  0x00000144adef3df0 JavaThread "AWT-Windows" daemon [_thread_in_native, id=19120, stack(0x0000003808700000,0x0000003808800000)]
  0x00000144b0592c00 JavaThread "AWT-EventQueue-0" [_thread_in_native, id=18800, stack(0x0000003809300000,0x0000003809400000)]
  0x000001448b96edf0 JavaThread "DestroyJavaVM" [_thread_blocked, id=21920, stack(0x0000003807200000,0x0000003807300000)]
  0x00000144adc81ba0 JavaThread "D3D Screen Updater" daemon [_thread_blocked, id=16392, stack(0x0000003809600000,0x0000003809700000)]
  0x00000144b0732ee0 JavaThread "TimerQueue" daemon [_thread_blocked, id=22872, stack(0x0000003809700000,0x0000003809800000)]
  0x00000144a9a513d0 JavaThread "C2 CompilerThread1" daemon [_thread_blocked, id=19988, stack(0x0000003809200000,0x0000003809300000)]
  0x00000144b07b2320 JavaThread "C2 CompilerThread2" daemon [_thread_blocked, id=11568, stack(0x0000003809a00000,0x0000003809b00000)]

Other Threads:
  0x00000144a99bcd60 VMThread "VM Thread" [stack: 0x0000003807800000,0x0000003807900000] [id=9864]
  0x00000144adce2540 WatcherThread "VM Periodic Task Thread" [stack: 0x0000003808400000,0x0000003808500000] [id=22840]
  0x000001448b9ceed0 WorkerThread "GC Thread#0" [stack: 0x0000003807300000,0x0000003807400000] [id=20264]
  0x000001448b9df1c0 ConcurrentGCThread "G1 Main Marker" [stack: 0x0000003807400000,0x0000003807500000] [id=12860]
  0x000001448b9dfbb0 WorkerThread "G1 Conc#0" [stack: 0x0000003807500000,0x0000003807600000] [id=14056]
  0x000001448ba38390 ConcurrentGCThread "G1 Refine#0" [stack: 0x0000003807600000,0x0000003807700000] [id=20184]
  0x000001448ba38ca0 ConcurrentGCThread "G1 Service" [stack: 0x0000003807700000,0x0000003807800000] [id=20540]

Threads with active compile tasks:
C2 CompilerThread0     6020 1308       4       sun.swing.SwingUtilities2::getFontCharWidth (15 bytes)

VM state: not at safepoint (normal execution)

VM Mutex/Monitor currently owned by a thread: None

Heap address: 0x000000008aa00000, size: 1878 MB, Compressed Oops mode: 32-bit

CDS archive(s) mapped at: [0x0000000800000000-0x0000000800ba0000-0x0000000800ba0000), size 12189696, SharedBaseAddress: 0x0000000800000000, ArchiveRelocationMode: 0.
Compressed class space mapped at: 0x0000000800c00000-0x0000000840c00000, reserved size: 1073741824
Narrow klass base: 0x0000000800000000, Narrow klass shift: 0, Narrow klass range: 0x100000000

GC Precious Log:
 CardTable entry size: 512
 Card Set container configuration: InlinePtr #cards 5 size 8 Array Of Cards #cards 12 size 40 Howl #buckets 4 coarsen threshold 1843 Howl Bitmap #cards 512 size 80 coarsen threshold 460 Card regions per heap region 1 cards per card region 2048
 CPUs: 12 total, 12 available
 Memory: 7504M
 Large Page Support: Disabled
 NUMA Support: Disabled
 Compressed Oops: Enabled (32-bit)
 Heap Region Size: 1M
 Heap Min Capacity: 8M
 Heap Initial Capacity: 118M
 Heap Max Capacity: 1878M
 Pre-touch: Disabled
 Parallel Workers: 10
 Concurrent Workers: 3
 Concurrent Refinement Workers: 10
 Periodic GC: Disabled

Heap:
 garbage-first heap   total 120832K, used 18432K [0x000000008aa00000, 0x0000000100000000)
  region size 1024K, 14 young (14336K), 0 survivors (0K)
 Metaspace       used 9769K, committed 9984K, reserved 1114112K
  class space    used 1093K, committed 1216K, reserved 1048576K

Heap Regions: E=young(eden), S=young(survivor), O=old, HS=humongous(starts), HC=humongous(continues), CS=collection set, F=free, OA=open archive, CA=closed archive, TAMS=top-at-mark-start (previous, next)
|   0|0x000000008aa00000, 0x000000008ab00000, 0x000000008ab00000|100%|HS|  |TAMS 0x000000008aa00000, 0x000000008aa00000| Complete 
|   1|0x000000008ab00000, 0x000000008ac00000, 0x000000008ac00000|100%|HC|  |TAMS 0x000000008ab00000, 0x000000008ab00000| Complete 
|   2|0x000000008ac00000, 0x000000008ad00000, 0x000000008ad00000|100%|HS|  |TAMS 0x000000008ac00000, 0x000000008ac00000| Complete 
|   3|0x000000008ad00000, 0x000000008ae00000, 0x000000008ae00000|100%|HC|  |TAMS 0x000000008ad00000, 0x000000008ad00000| Complete 
|   4|0x000000008ae00000, 0x000000008af00000, 0x000000008af00000|100%|HC|  |TAMS 0x000000008ae00000, 0x000000008ae00000| Complete 
|   5|0x000000008af00000, 0x000000008af00000, 0x000000008b000000|  0%| F|  |TAMS 0x000000008af00000, 0x000000008af00000| Untracked 
|   6|0x000000008b000000, 0x000000008b000000, 0x000000008b100000|  0%| F|  |TAMS 0x000000008b000000, 0x000000008b000000| Untracked 
|   7|0x000000008b100000, 0x000000008b100000, 0x000000008b200000|  0%| F|  |TAMS 0x000000008b100000, 0x000000008b100000| Untracked 
|   8|0x000000008b200000, 0x000000008b200000, 0x000000008b300000|  0%| F|  |TAMS 0x000000008b200000, 0x000000008b200000| Untracked 
|   9|0x000000008b300000, 0x000000008b300000, 0x000000008b400000|  0%| F|  |TAMS 0x000000008b300000, 0x000000008b300000| Untracked 
|  10|0x000000008b400000, 0x000000008b400000, 0x000000008b500000|  0%| F|  |TAMS 0x000000008b400000, 0x000000008b400000| Untracked 
|  11|0x000000008b500000, 0x000000008b500000, 0x000000008b600000|  0%| F|  |TAMS 0x000000008b500000, 0x000000008b500000| Untracked 
|  12|0x000000008b600000, 0x000000008b600000, 0x000000008b700000|  0%| F|  |TAMS 0x000000008b600000, 0x000000008b600000| Untracked 
|  13|0x000000008b700000, 0x000000008b700000, 0x000000008b800000|  0%| F|  |TAMS 0x000000008b700000, 0x000000008b700000| Untracked 
|  14|0x000000008b800000, 0x000000008b800000, 0x000000008b900000|  0%| F|  |TAMS 0x000000008b800000, 0x000000008b800000| Untracked 
|  15|0x000000008b900000, 0x000000008b900000, 0x000000008ba00000|  0%| F|  |TAMS 0x000000008b900000, 0x000000008b900000| Untracked 
|  16|0x000000008ba00000, 0x000000008ba00000, 0x000000008bb00000|  0%| F|  |TAMS 0x000000008ba00000, 0x000000008ba00000| Untracked 
|  17|0x000000008bb00000, 0x000000008bb00000, 0x000000008bc00000|  0%| F|  |TAMS 0x000000008bb00000, 0x000000008bb00000| Untracked 
|  18|0x000000008bc00000, 0x000000008bc00000, 0x000000008bd00000|  0%| F|  |TAMS 0x000000008bc00000, 0x000000008bc00000| Untracked 
|  19|0x000000008bd00000, 0x000000008bd00000, 0x000000008be00000|  0%| F|  |TAMS 0x000000008bd00000, 0x000000008bd00000| Untracked 
|  20|0x000000008be00000, 0x000000008be00000, 0x000000008bf00000|  0%| F|  |TAMS 0x000000008be00000, 0x000000008be00000| Untracked 
|  21|0x000000008bf00000, 0x000000008bf00000, 0x000000008c000000|  0%| F|  |TAMS 0x000000008bf00000, 0x000000008bf00000| Untracked 
|  22|0x000000008c000000, 0x000000008c000000, 0x000000008c100000|  0%| F|  |TAMS 0x000000008c000000, 0x000000008c000000| Untracked 
|  23|0x000000008c100000, 0x000000008c100000, 0x000000008c200000|  0%| F|  |TAMS 0x000000008c100000, 0x000000008c100000| Untracked 
|  24|0x000000008c200000, 0x000000008c200000, 0x000000008c300000|  0%| F|  |TAMS 0x000000008c200000, 0x000000008c200000| Untracked 
|  25|0x000000008c300000, 0x000000008c300000, 0x000000008c400000|  0%| F|  |TAMS 0x000000008c300000, 0x000000008c300000| Untracked 
|  26|0x000000008c400000, 0x000000008c400000, 0x000000008c500000|  0%| F|  |TAMS 0x000000008c400000, 0x000000008c400000| Untracked 
|  27|0x000000008c500000, 0x000000008c500000, 0x000000008c600000|  0%| F|  |TAMS 0x000000008c500000, 0x000000008c500000| Untracked 
|  28|0x000000008c600000, 0x000000008c600000, 0x000000008c700000|  0%| F|  |TAMS 0x000000008c600000, 0x000000008c600000| Untracked 
|  29|0x000000008c700000, 0x000000008c700000, 0x000000008c800000|  0%| F|  |TAMS 0x000000008c700000, 0x000000008c700000| Untracked 
|  30|0x000000008c800000, 0x000000008c800000, 0x000000008c900000|  0%| F|  |TAMS 0x000000008c800000, 0x000000008c800000| Untracked 
|  31|0x000000008c900000, 0x000000008c900000, 0x000000008ca00000|  0%| F|  |TAMS 0x000000008c900000, 0x000000008c900000| Untracked 
|  32|0x000000008ca00000, 0x000000008ca00000, 0x000000008cb00000|  0%| F|  |TAMS 0x000000008ca00000, 0x000000008ca00000| Untracked 
|  33|0x000000008cb00000, 0x000000008cb00000, 0x000000008cc00000|  0%| F|  |TAMS 0x000000008cb00000, 0x000000008cb00000| Untracked 
|  34|0x000000008cc00000, 0x000000008cc00000, 0x000000008cd00000|  0%| F|  |TAMS 0x000000008cc00000, 0x000000008cc00000| Untracked 
|  35|0x000000008cd00000, 0x000000008cd00000, 0x000000008ce00000|  0%| F|  |TAMS 0x000000008cd00000, 0x000000008cd00000| Untracked 
|  36|0x000000008ce00000, 0x000000008ce00000, 0x000000008cf00000|  0%| F|  |TAMS 0x000000008ce00000, 0x000000008ce00000| Untracked 
|  37|0x000000008cf00000, 0x000000008cf00000, 0x000000008d000000|  0%| F|  |TAMS 0x000000008cf00000, 0x000000008cf00000| Untracked 
|  38|0x000000008d000000, 0x000000008d000000, 0x000000008d100000|  0%| F|  |TAMS 0x000000008d000000, 0x000000008d000000| Untracked 
|  39|0x000000008d100000, 0x000000008d100000, 0x000000008d200000|  0%| F|  |TAMS 0x000000008d100000, 0x000000008d100000| Untracked 
|  40|0x000000008d200000, 0x000000008d200000, 0x000000008d300000|  0%| F|  |TAMS 0x000000008d200000, 0x000000008d200000| Untracked 
|  41|0x000000008d300000, 0x000000008d300000, 0x000000008d400000|  0%| F|  |TAMS 0x000000008d300000, 0x000000008d300000| Untracked 
|  42|0x000000008d400000, 0x000000008d400000, 0x000000008d500000|  0%| F|  |TAMS 0x000000008d400000, 0x000000008d400000| Untracked 
|  43|0x000000008d500000, 0x000000008d500000, 0x000000008d600000|  0%| F|  |TAMS 0x000000008d500000, 0x000000008d500000| Untracked 
|  44|0x000000008d600000, 0x000000008d600000, 0x000000008d700000|  0%| F|  |TAMS 0x000000008d600000, 0x000000008d600000| Untracked 
|  45|0x000000008d700000, 0x000000008d700000, 0x000000008d800000|  0%| F|  |TAMS 0x000000008d700000, 0x000000008d700000| Untracked 
|  46|0x000000008d800000, 0x000000008d800000, 0x000000008d900000|  0%| F|  |TAMS 0x000000008d800000, 0x000000008d800000| Untracked 
|  47|0x000000008d900000, 0x000000008d900000, 0x000000008da00000|  0%| F|  |TAMS 0x000000008d900000, 0x000000008d900000| Untracked 
|  48|0x000000008da00000, 0x000000008da00000, 0x000000008db00000|  0%| F|  |TAMS 0x000000008da00000, 0x000000008da00000| Untracked 
|  49|0x000000008db00000, 0x000000008db00000, 0x000000008dc00000|  0%| F|  |TAMS 0x000000008db00000, 0x000000008db00000| Untracked 
|  50|0x000000008dc00000, 0x000000008dc00000, 0x000000008dd00000|  0%| F|  |TAMS 0x000000008dc00000, 0x000000008dc00000| Untracked 
|  51|0x000000008dd00000, 0x000000008dd00000, 0x000000008de00000|  0%| F|  |TAMS 0x000000008dd00000, 0x000000008dd00000| Untracked 
|  52|0x000000008de00000, 0x000000008de00000, 0x000000008df00000|  0%| F|  |TAMS 0x000000008de00000, 0x000000008de00000| Untracked 
|  53|0x000000008df00000, 0x000000008df00000, 0x000000008e000000|  0%| F|  |TAMS 0x000000008df00000, 0x000000008df00000| Untracked 
|  54|0x000000008e000000, 0x000000008e000000, 0x000000008e100000|  0%| F|  |TAMS 0x000000008e000000, 0x000000008e000000| Untracked 
|  55|0x000000008e100000, 0x000000008e100000, 0x000000008e200000|  0%| F|  |TAMS 0x000000008e100000, 0x000000008e100000| Untracked 
|  56|0x000000008e200000, 0x000000008e200000, 0x000000008e300000|  0%| F|  |TAMS 0x000000008e200000, 0x000000008e200000| Untracked 
|  57|0x000000008e300000, 0x000000008e300000, 0x000000008e400000|  0%| F|  |TAMS 0x000000008e300000, 0x000000008e300000| Untracked 
|  58|0x000000008e400000, 0x000000008e400000, 0x000000008e500000|  0%| F|  |TAMS 0x000000008e400000, 0x000000008e400000| Untracked 
|  59|0x000000008e500000, 0x000000008e500000, 0x000000008e600000|  0%| F|  |TAMS 0x000000008e500000, 0x000000008e500000| Untracked 
|  60|0x000000008e600000, 0x000000008e600000, 0x000000008e700000|  0%| F|  |TAMS 0x000000008e600000, 0x000000008e600000| Untracked 
|  61|0x000000008e700000, 0x000000008e700000, 0x000000008e800000|  0%| F|  |TAMS 0x000000008e700000, 0x000000008e700000| Untracked 
|  62|0x000000008e800000, 0x000000008e800000, 0x000000008e900000|  0%| F|  |TAMS 0x000000008e800000, 0x000000008e800000| Untracked 
|  63|0x000000008e900000, 0x000000008e900000, 0x000000008ea00000|  0%| F|  |TAMS 0x000000008e900000, 0x000000008e900000| Untracked 
|  64|0x000000008ea00000, 0x000000008ea00000, 0x000000008eb00000|  0%| F|  |TAMS 0x000000008ea00000, 0x000000008ea00000| Untracked 
|  65|0x000000008eb00000, 0x000000008eb00000, 0x000000008ec00000|  0%| F|  |TAMS 0x000000008eb00000, 0x000000008eb00000| Untracked 
|  66|0x000000008ec00000, 0x000000008ec00000, 0x000000008ed00000|  0%| F|  |TAMS 0x000000008ec00000, 0x000000008ec00000| Untracked 
|  67|0x000000008ed00000, 0x000000008ed00000, 0x000000008ee00000|  0%| F|  |TAMS 0x000000008ed00000, 0x000000008ed00000| Untracked 
|  68|0x000000008ee00000, 0x000000008ee00000, 0x000000008ef00000|  0%| F|  |TAMS 0x000000008ee00000, 0x000000008ee00000| Untracked 
|  69|0x000000008ef00000, 0x000000008ef00000, 0x000000008f000000|  0%| F|  |TAMS 0x000000008ef00000, 0x000000008ef00000| Untracked 
|  70|0x000000008f000000, 0x000000008f000000, 0x000000008f100000|  0%| F|  |TAMS 0x000000008f000000, 0x000000008f000000| Untracked 
|  71|0x000000008f100000, 0x000000008f100000, 0x000000008f200000|  0%| F|  |TAMS 0x000000008f100000, 0x000000008f100000| Untracked 
|  72|0x000000008f200000, 0x000000008f200000, 0x000000008f300000|  0%| F|  |TAMS 0x000000008f200000, 0x000000008f200000| Untracked 
|  73|0x000000008f300000, 0x000000008f300000, 0x000000008f400000|  0%| F|  |TAMS 0x000000008f300000, 0x000000008f300000| Untracked 
|  74|0x000000008f400000, 0x000000008f400000, 0x000000008f500000|  0%| F|  |TAMS 0x000000008f400000, 0x000000008f400000| Untracked 
|  75|0x000000008f500000, 0x000000008f500000, 0x000000008f600000|  0%| F|  |TAMS 0x000000008f500000, 0x000000008f500000| Untracked 
|  76|0x000000008f600000, 0x000000008f600000, 0x000000008f700000|  0%| F|  |TAMS 0x000000008f600000, 0x000000008f600000| Untracked 
|  77|0x000000008f700000, 0x000000008f700000, 0x000000008f800000|  0%| F|  |TAMS 0x000000008f700000, 0x000000008f700000| Untracked 
|  78|0x000000008f800000, 0x000000008f800000, 0x000000008f900000|  0%| F|  |TAMS 0x000000008f800000, 0x000000008f800000| Untracked 
|  79|0x000000008f900000, 0x000000008f900000, 0x000000008fa00000|  0%| F|  |TAMS 0x000000008f900000, 0x000000008f900000| Untracked 
|  80|0x000000008fa00000, 0x000000008fa00000, 0x000000008fb00000|  0%| F|  |TAMS 0x000000008fa00000, 0x000000008fa00000| Untracked 
|  81|0x000000008fb00000, 0x000000008fb00000, 0x000000008fc00000|  0%| F|  |TAMS 0x000000008fb00000, 0x000000008fb00000| Untracked 
|  82|0x000000008fc00000, 0x000000008fc00000, 0x000000008fd00000|  0%| F|  |TAMS 0x000000008fc00000, 0x000000008fc00000| Untracked 
|  83|0x000000008fd00000, 0x000000008fd00000, 0x000000008fe00000|  0%| F|  |TAMS 0x000000008fd00000, 0x000000008fd00000| Untracked 
|  84|0x000000008fe00000, 0x000000008fe00000, 0x000000008ff00000|  0%| F|  |TAMS 0x000000008fe00000, 0x000000008fe00000| Untracked 
|  85|0x000000008ff00000, 0x000000008ff00000, 0x0000000090000000|  0%| F|  |TAMS 0x000000008ff00000, 0x000000008ff00000| Untracked 
|  86|0x0000000090000000, 0x0000000090000000, 0x0000000090100000|  0%| F|  |TAMS 0x0000000090000000, 0x0000000090000000| Untracked 
|  87|0x0000000090100000, 0x0000000090100000, 0x0000000090200000|  0%| F|  |TAMS 0x0000000090100000, 0x0000000090100000| Untracked 
|  88|0x0000000090200000, 0x0000000090200000, 0x0000000090300000|  0%| F|  |TAMS 0x0000000090200000, 0x0000000090200000| Untracked 
|  89|0x0000000090300000, 0x0000000090300000, 0x0000000090400000|  0%| F|  |TAMS 0x0000000090300000, 0x0000000090300000| Untracked 
|  90|0x0000000090400000, 0x0000000090400000, 0x0000000090500000|  0%| F|  |TAMS 0x0000000090400000, 0x0000000090400000| Untracked 
|  91|0x0000000090500000, 0x0000000090500000, 0x0000000090600000|  0%| F|  |TAMS 0x0000000090500000, 0x0000000090500000| Untracked 
|  92|0x0000000090600000, 0x0000000090600000, 0x0000000090700000|  0%| F|  |TAMS 0x0000000090600000, 0x0000000090600000| Untracked 
|  93|0x0000000090700000, 0x0000000090700000, 0x0000000090800000|  0%| F|  |TAMS 0x0000000090700000, 0x0000000090700000| Untracked 
|  94|0x0000000090800000, 0x0000000090800000, 0x0000000090900000|  0%| F|  |TAMS 0x0000000090800000, 0x0000000090800000| Untracked 
|  95|0x0000000090900000, 0x0000000090900000, 0x0000000090a00000|  0%| F|  |TAMS 0x0000000090900000, 0x0000000090900000| Untracked 
|  96|0x0000000090a00000, 0x0000000090a00000, 0x0000000090b00000|  0%| F|  |TAMS 0x0000000090a00000, 0x0000000090a00000| Untracked 
|  97|0x0000000090b00000, 0x0000000090b00000, 0x0000000090c00000|  0%| F|  |TAMS 0x0000000090b00000, 0x0000000090b00000| Untracked 
|  98|0x0000000090c00000, 0x0000000090c00000, 0x0000000090d00000|  0%| F|  |TAMS 0x0000000090c00000, 0x0000000090c00000| Untracked 
|  99|0x0000000090d00000, 0x0000000090d00000, 0x0000000090e00000|  0%| F|  |TAMS 0x0000000090d00000, 0x0000000090d00000| Untracked 
| 100|0x0000000090e00000, 0x0000000090e00000, 0x0000000090f00000|  0%| F|  |TAMS 0x0000000090e00000, 0x0000000090e00000| Untracked 
| 101|0x0000000090f00000, 0x0000000090f00000, 0x0000000091000000|  0%| F|  |TAMS 0x0000000090f00000, 0x0000000090f00000| Untracked 
| 102|0x0000000091000000, 0x0000000091000000, 0x0000000091100000|  0%| F|  |TAMS 0x0000000091000000, 0x0000000091000000| Untracked 
| 103|0x0000000091100000, 0x0000000091100000, 0x0000000091200000|  0%| F|  |TAMS 0x0000000091100000, 0x0000000091100000| Untracked 
| 104|0x0000000091200000, 0x00000000912ec0b0, 0x0000000091300000| 92%| E|  |TAMS 0x0000000091200000, 0x0000000091200000| Complete 
| 105|0x0000000091300000, 0x0000000091400000, 0x0000000091400000|100%| E|CS|TAMS 0x0000000091300000, 0x0000000091300000| Complete 
| 106|0x0000000091400000, 0x0000000091500000, 0x0000000091500000|100%| E|CS|TAMS 0x0000000091400000, 0x0000000091400000| Complete 
| 107|0x0000000091500000, 0x0000000091600000, 0x0000000091600000|100%| E|CS|TAMS 0x0000000091500000, 0x0000000091500000| Complete 
| 108|0x0000000091600000, 0x0000000091700000, 0x0000000091700000|100%| E|CS|TAMS 0x0000000091600000, 0x0000000091600000| Complete 
| 109|0x0000000091700000, 0x0000000091800000, 0x0000000091800000|100%| E|CS|TAMS 0x0000000091700000, 0x0000000091700000| Complete 
| 110|0x0000000091800000, 0x0000000091900000, 0x0000000091900000|100%| E|CS|TAMS 0x0000000091800000, 0x0000000091800000| Complete 
| 111|0x0000000091900000, 0x0000000091a00000, 0x0000000091a00000|100%| E|CS|TAMS 0x0000000091900000, 0x0000000091900000| Complete 
| 112|0x0000000091a00000, 0x0000000091b00000, 0x0000000091b00000|100%| E|CS|TAMS 0x0000000091a00000, 0x0000000091a00000| Complete 
| 113|0x0000000091b00000, 0x0000000091c00000, 0x0000000091c00000|100%| E|CS|TAMS 0x0000000091b00000, 0x0000000091b00000| Complete 
| 114|0x0000000091c00000, 0x0000000091d00000, 0x0000000091d00000|100%| E|CS|TAMS 0x0000000091c00000, 0x0000000091c00000| Complete 
| 115|0x0000000091d00000, 0x0000000091e00000, 0x0000000091e00000|100%| E|CS|TAMS 0x0000000091d00000, 0x0000000091d00000| Complete 
| 116|0x0000000091e00000, 0x0000000091f00000, 0x0000000091f00000|100%| E|CS|TAMS 0x0000000091e00000, 0x0000000091e00000| Complete 
| 117|0x0000000091f00000, 0x0000000092000000, 0x0000000092000000|100%| E|CS|TAMS 0x0000000091f00000, 0x0000000091f00000| Complete 

Card table byte_map: [0x00000144a2bb0000,0x00000144a2f60000] _byte_map_base: 0x00000144a275b000

Marking Bits (Prev, Next): (CMBitMap*) 0x000001448b9cf4d0, (CMBitMap*) 0x000001448b9cf510
 Prev Bits: [0x00000144a3310000, 0x00000144a5068000)
 Next Bits: [0x00000144a5070000, 0x00000144a6dc8000)

Polling page: 0x000001448b140000

Metaspace:

Usage:
  Non-class:      8.48 MB used.
      Class:      1.07 MB used.
       Both:      9.55 MB used.

Virtual space:
  Non-class space:       64.00 MB reserved,       8.56 MB ( 13%) committed,  1 nodes.
      Class space:        1.00 GB reserved,       1.19 MB ( <1%) committed,  1 nodes.
             Both:        1.06 GB reserved,       9.75 MB ( <1%) committed. 

Chunk freelists:
   Non-Class:  2.98 MB
       Class:  2.74 MB
        Both:  5.72 MB

MaxMetaspaceSize: unlimited
CompressedClassSpaceSize: 1.00 GB
Initial GC threshold: 21.00 MB
Current GC threshold: 21.00 MB
CDS: on
MetaspaceReclaimPolicy: balanced
 - commit_granule_bytes: 65536.
 - commit_granule_words: 8192.
 - virtual_space_node_default_size: 8388608.
 - enlarge_chunks_in_place: 1.
 - new_chunks_are_fully_committed: 0.
 - uncommit_free_chunks: 1.
 - use_allocation_guard: 0.


Internal statistics:

num_allocs_failed_limit: 0.
num_arena_births: 150.
num_arena_deaths: 0.
num_vsnodes_births: 2.
num_vsnodes_deaths: 0.
num_space_committed: 156.
num_space_uncommitted: 0.
num_chunks_returned_to_freelist: 0.
num_chunks_taken_from_freelist: 222.
num_chunk_merges: 0.
num_chunk_splits: 119.
num_chunks_enlarged: 36.
num_inconsistent_stats: 0.

CodeHeap 'non-profiled nmethods': size=120000Kb used=401Kb max_used=401Kb free=119598Kb
 bounds [0x000001449ad80000, 0x000001449aff0000, 0x00000144a22b0000]
CodeHeap 'profiled nmethods': size=120000Kb used=2150Kb max_used=2150Kb free=117849Kb
 bounds [0x0000014493850000, 0x0000014493ac0000, 0x000001449ad80000]
CodeHeap 'non-nmethods': size=5760Kb used=1312Kb max_used=1341Kb free=4447Kb
 bounds [0x00000144932b0000, 0x0000014493520000, 0x0000014493850000]
 total_blobs=2020 nmethods=1385 adapters=548
 compilation: enabled
              stopped_count=0, restarted_count=0
 full_count=0

Compilation events (20 events):
Event: 5.883 Thread 0x00000144a99ebb50 1347       3       java.awt.Component::isDisplayable (13 bytes)
Event: 5.883 Thread 0x00000144a99ebb50 nmethod 1347 0x0000014493a55490 code [0x0000014493a55620, 0x0000014493a55798]
Event: 5.919 Thread 0x00000144a99ebb50 1348       3       sun.awt.AWTAccessor::getAWTEventAccessor (15 bytes)
Event: 5.919 Thread 0x00000144a99ebb50 nmethod 1348 0x0000014493a55810 code [0x0000014493a55a00, 0x0000014493a55da8]
Event: 5.920 Thread 0x00000144a99ebb50 1349       3       sun.awt.SunToolkit::setSystemGenerated (10 bytes)
Event: 5.921 Thread 0x00000144a99ebb50 nmethod 1349 0x0000014493a55f90 code [0x0000014493a56180, 0x0000014493a56668]
Event: 5.921 Thread 0x00000144a99ebb50 1350       3       java.awt.AWTEvent$1::setSystemGenerated (6 bytes)
Event: 5.921 Thread 0x00000144a99ebb50 nmethod 1350 0x0000014493a56910 code [0x0000014493a56aa0, 0x0000014493a56bb8]
Event: 5.935 Thread 0x00000144a99ebb50 1351       1       java.awt.event.MouseEvent::getX (5 bytes)
Event: 5.935 Thread 0x00000144a99ebb50 nmethod 1351 0x000001449add8b90 code [0x000001449add8d20, 0x000001449add8df8]
Event: 5.935 Thread 0x00000144a99ebb50 1353       3       java.awt.event.MouseEvent::getModifiersEx (29 bytes)
Event: 5.936 Thread 0x00000144a99ebb50 nmethod 1353 0x0000014493a56c90 code [0x0000014493a56e60, 0x0000014493a57278]
Event: 5.936 Thread 0x00000144a99ebb50 1352       1       java.awt.event.MouseEvent::getY (5 bytes)
Event: 5.936 Thread 0x00000144a99ebb50 nmethod 1352 0x000001449add8e90 code [0x000001449add9020, 0x000001449add90f8]
Event: 5.937 Thread 0x00000144a99ebb50 1354       3       sun.awt.SunToolkit::postEvent (144 bytes)
Event: 5.943 Thread 0x00000144a99ebb50 nmethod 1354 0x0000014493a57410 code [0x0000014493a57800, 0x0000014493a59758]
Event: 5.943 Thread 0x00000144a99ebb50 1355   !   3       sun.awt.AWTAccessor::getSequencedEventAccessor (22 bytes)
Event: 5.944 Thread 0x00000144a99ebb50 nmethod 1355 0x0000014493a5a290 code [0x0000014493a5a4a0, 0x0000014493a5aa68]
Event: 5.944 Thread 0x00000144a99ebb50 1356   !   3       sun.awt.PostEventQueue::postEvent (81 bytes)
Event: 5.946 Thread 0x00000144a99ebb50 nmethod 1356 0x0000014493a5ad90 code [0x0000014493a5afe0, 0x0000014493a5bb38]

GC Heap History (0 events):
No events

Deoptimization events (20 events):
Event: 5.712 Thread 0x00000144b0592c00 Uncommon trap: trap_request=0xffffffde fr.pc=0x000001449ada1c1c relative=0x000000000000089c
Event: 5.712 Thread 0x00000144b0592c00 Uncommon trap: reason=class_check action=maybe_recompile pc=0x000001449ada1c1c method=java.util.HashMap.putVal(ILjava/lang/Object;Ljava/lang/Object;ZZ)Ljava/lang/Object; @ 253 c2
Event: 5.712 Thread 0x00000144b0592c00 DEOPT PACKING pc=0x000001449ada1c1c sp=0x00000038093fd8c0
Event: 5.712 Thread 0x00000144b0592c00 DEOPT UNPACKING pc=0x00000144933023a3 sp=0x00000038093fd870 mode 2
Event: 5.712 Thread 0x00000144b0592c00 Uncommon trap: trap_request=0xffffffde fr.pc=0x000001449ada1c1c relative=0x000000000000089c
Event: 5.712 Thread 0x00000144b0592c00 Uncommon trap: reason=class_check action=maybe_recompile pc=0x000001449ada1c1c method=java.util.HashMap.putVal(ILjava/lang/Object;Ljava/lang/Object;ZZ)Ljava/lang/Object; @ 253 c2
Event: 5.712 Thread 0x00000144b0592c00 DEOPT PACKING pc=0x000001449ada1c1c sp=0x00000038093fd850
Event: 5.712 Thread 0x00000144b0592c00 DEOPT UNPACKING pc=0x00000144933023a3 sp=0x00000038093fd800 mode 2
Event: 5.712 Thread 0x00000144b0592c00 Uncommon trap: trap_request=0xffffffde fr.pc=0x000001449ada1c1c relative=0x000000000000089c
Event: 5.712 Thread 0x00000144b0592c00 Uncommon trap: reason=class_check action=maybe_recompile pc=0x000001449ada1c1c method=java.util.HashMap.putVal(ILjava/lang/Object;Ljava/lang/Object;ZZ)Ljava/lang/Object; @ 253 c2
Event: 5.712 Thread 0x00000144b0592c00 DEOPT PACKING pc=0x000001449ada1c1c sp=0x00000038093fd8c0
Event: 5.712 Thread 0x00000144b0592c00 DEOPT UNPACKING pc=0x00000144933023a3 sp=0x00000038093fd870 mode 2
Event: 5.800 Thread 0x00000144b0592c00 Uncommon trap: trap_request=0xffffff45 fr.pc=0x000001449add22e0 relative=0x0000000000000060
Event: 5.800 Thread 0x00000144b0592c00 Uncommon trap: reason=unstable_if action=reinterpret pc=0x000001449add22e0 method=java.awt.Font.equals(Ljava/lang/Object;)Z @ 2 c2
Event: 5.800 Thread 0x00000144b0592c00 DEOPT PACKING pc=0x000001449add22e0 sp=0x00000038093fd260
Event: 5.800 Thread 0x00000144b0592c00 DEOPT UNPACKING pc=0x00000144933023a3 sp=0x00000038093fd1f0 mode 2
Event: 5.819 Thread 0x00000144b0592c00 Uncommon trap: trap_request=0xffffff45 fr.pc=0x000001449add3d00 relative=0x00000000000007c0
Event: 5.819 Thread 0x00000144b0592c00 Uncommon trap: reason=unstable_if action=reinterpret pc=0x000001449add3d00 method=java.awt.font.FontRenderContext.hashCode()I @ 4 c2
Event: 5.820 Thread 0x00000144b0592c00 DEOPT PACKING pc=0x000001449add3d00 sp=0x00000038093fd160
Event: 5.820 Thread 0x00000144b0592c00 DEOPT UNPACKING pc=0x00000144933023a3 sp=0x00000038093fd000 mode 2

Classes loaded (20 events):
Event: 5.726 Loading class javax/swing/text/html/BRView
Event: 5.726 Loading class javax/swing/text/html/BRView done
Event: 5.727 Loading class javax/swing/SizeRequirements
Event: 5.728 Loading class javax/swing/SizeRequirements done
Event: 5.728 Loading class javax/swing/text/GlyphPainter1
Event: 5.728 Loading class javax/swing/text/GlyphView$GlyphPainter
Event: 5.728 Loading class javax/swing/text/GlyphView$GlyphPainter done
Event: 5.728 Loading class javax/swing/text/GlyphPainter1 done
Event: 5.730 Loading class javax/swing/text/ParagraphView$Row
Event: 5.731 Loading class javax/swing/text/ParagraphView$Row done
Event: 5.748 Loading class javax/swing/text/WhitespaceBasedBreakIterator
Event: 5.749 Loading class java/text/BreakIterator
Event: 5.749 Loading class java/text/BreakIterator done
Event: 5.749 Loading class javax/swing/text/WhitespaceBasedBreakIterator done
Event: 5.777 Loading class javax/swing/text/ComponentView
Event: 5.777 Loading class javax/swing/text/ComponentView done
Event: 5.936 Loading class java/awt/LightweightDispatcher$2
Event: 5.936 Loading class java/awt/LightweightDispatcher$2 done
Event: 5.960 Loading class sun/awt/image/BufferedImageDevice
Event: 5.960 Loading class sun/awt/image/BufferedImageDevice done

Classes unloaded (0 events):
No events

Classes redefined (0 events):
No events

Internal exceptions (15 events):
Event: 0.129 Thread 0x000001448b96edf0 Exception <a 'java/lang/NoSuchMethodError'{0x0000000091e23fb8}: 'void java.lang.invoke.DirectMethodHandle$Holder.invokeVirtual(java.lang.Object, java.lang.Object)'> (0x0000000091e23fb8) 
thrown [s\open\src\hotspot\share\interpreter\linkResolver.cpp, line 759]
Event: 0.175 Thread 0x000001448b96edf0 Exception <a 'sun/nio/fs/WindowsException'{0x0000000091ebc470}> (0x0000000091ebc470) 
thrown [s\open\src\hotspot\share\prims\jni.cpp, line 516]
Event: 0.179 Thread 0x000001448b96edf0 Exception <a 'java/lang/ClassNotFoundException'{0x0000000091ec2418}: sun/awt/resources/spi/awtProvider> (0x0000000091ec2418) 
thrown [s\open\src\hotspot\share\classfile\systemDictionary.cpp, line 255]
Event: 0.211 Thread 0x000001448b96edf0 Exception <a 'java/io/FileNotFoundException'{0x0000000091d15810}> (0x0000000091d15810) 
thrown [s\open\src\hotspot\share\prims\jni.cpp, line 516]
Event: 0.220 Thread 0x000001448b96edf0 Exception <a 'java/io/FileNotFoundException'{0x0000000091d427d8}> (0x0000000091d427d8) 
thrown [s\open\src\hotspot\share\prims\jni.cpp, line 516]
Event: 0.282 Thread 0x000001448b96edf0 Exception <a 'java/lang/NoSuchMethodError'{0x0000000091d86e38}: 'java.lang.Object java.lang.invoke.DirectMethodHandle$Holder.invokeStaticInit(java.lang.Object)'> (0x0000000091d86e38) 
thrown [s\open\src\hotspot\share\interpreter\linkResolver.cpp, line 759]
Event: 0.416 Thread 0x000001448b96edf0 Exception <a 'java/lang/NoSuchMethodError'{0x0000000091dd1128}: 'void java.lang.invoke.DirectMethodHandle$Holder.invokeSpecial(java.lang.Object, java.lang.Object, java.lang.Object)'> (0x0000000091dd1128) 
thrown [s\open\src\hotspot\share\interpreter\linkResolver.cpp, line 759]
Event: 0.429 Thread 0x000001448b96edf0 Exception <a 'java/lang/NoSuchMethodError'{0x0000000091c10b70}: 'java.lang.Object java.lang.invoke.DirectMethodHandle$Holder.newInvokeSpecial(java.lang.Object, java.lang.Object, java.lang.Object, java.lang.Object, java.lang.Object)'> (0x0000000091c10b70) 
thrown [s\open\src\hotspot\share\interpreter\linkResolver.cpp, line 759]
Event: 0.440 Thread 0x000001448b96edf0 Exception <a 'java/lang/NoSuchMethodError'{0x0000000091c42680}: 'java.lang.Object java.lang.invoke.DirectMethodHandle$Holder.invokeStatic(java.lang.Object, int, java.lang.Object)'> (0x0000000091c42680) 
thrown [s\open\src\hotspot\share\interpreter\linkResolver.cpp, line 759]
Event: 0.478 Thread 0x000001448b96edf0 Exception <a 'java/lang/ClassNotFoundException'{0x0000000091cff2e0}: com/sun/swing/internal/plaf/metal/resources/spi/metalProvider> (0x0000000091cff2e0) 
thrown [s\open\src\hotspot\share\classfile\systemDictionary.cpp, line 255]
Event: 0.480 Thread 0x000001448b96edf0 Exception <a 'java/lang/ClassNotFoundException'{0x0000000091b037c8}: com/sun/swing/internal/plaf/basic/resources/spi/basicProvider> (0x0000000091b037c8) 
thrown [s\open\src\hotspot\share\classfile\systemDictionary.cpp, line 255]
Event: 0.492 Thread 0x000001448b96edf0 Exception <a 'java/lang/NoSuchMethodError'{0x0000000091b23c78}: 'int java.lang.invoke.Invokers$Holder.invokeExact_MT(java.lang.Object, java.lang.Object)'> (0x0000000091b23c78) 
thrown [s\open\src\hotspot\share\interpreter\linkResolver.cpp, line 759]
Event: 0.565 Thread 0x00000144b0521b90 Exception <a 'java/lang/NoSuchMethodError'{0x0000000091906120}: 'java.lang.Object java.lang.invoke.DirectMethodHandle$Holder.newInvokeSpecial(java.lang.Object, java.lang.Object, java.lang.Object, int, int, int, int, int)'> (0x0000000091906120) 
thrown [s\open\src\hotspot\share\interpreter\linkResolver.cpp, line 759]
Event: 0.647 Thread 0x000001448b96edf0 Exception <a 'java/lang/NoSuchMethodError'{0x00000000918f0378}: 'void java.lang.invoke.DirectMethodHandle$Holder.invokeStaticInit(java.lang.Object)'> (0x00000000918f0378) 
thrown [s\open\src\hotspot\share\interpreter\linkResolver.cpp, line 759]
Event: 0.687 Thread 0x000001448b96edf0 Exception <a 'sun/nio/fs/WindowsException'{0x0000000091745880}> (0x0000000091745880) 
thrown [s\open\src\hotspot\share\prims\jni.cpp, line 516]

VM Operations (12 events):
Event: 0.605 Executing VM operation: HandshakeAllThreads
Event: 0.605 Executing VM operation: HandshakeAllThreads done
Event: 0.942 Executing VM operation: HandshakeAllThreads
Event: 0.942 Executing VM operation: HandshakeAllThreads done
Event: 1.943 Executing VM operation: Cleanup
Event: 1.944 Executing VM operation: Cleanup done
Event: 2.956 Executing VM operation: Cleanup
Event: 2.956 Executing VM operation: Cleanup done
Event: 4.974 Executing VM operation: Cleanup
Event: 4.974 Executing VM operation: Cleanup done
Event: 5.960 Executing VM operation: HandshakeAllThreads
Event: 5.960 Executing VM operation: HandshakeAllThreads done

Events (20 events):
Event: 0.110 Loaded shared library C:\Program Files\Java\jdk-18.0.2.1\bin\nio.dll
Event: 0.155 Thread 0x00000144adce1c70 Thread added: 0x00000144adce1c70
Event: 0.172 Loaded shared library C:\Program Files\Java\jdk-18.0.2.1\bin\jimage.dll
Event: 0.194 Loaded shared library C:\Program Files\Java\jdk-18.0.2.1\bin\awt.dll
Event: 0.284 Thread 0x00000144adeedae0 Thread added: 0x00000144adeedae0
Event: 0.285 Thread 0x00000144adef0a60 Thread added: 0x00000144adef0a60
Event: 0.287 Thread 0x00000144adef3df0 Thread added: 0x00000144adef3df0
Event: 0.503 Thread 0x00000144b0521b90 Thread added: 0x00000144b0521b90
Event: 0.521 Loaded shared library C:\Program Files\Java\jdk-18.0.2.1\bin\zip.dll
Event: 0.563 Loaded shared library C:\Program Files\Java\jdk-18.0.2.1\bin\javajpeg.dll
Event: 0.626 Thread 0x00000144b0592c00 Thread added: 0x00000144b0592c00
Event: 0.653 Loaded shared library C:\Program Files\Java\jdk-18.0.2.1\bin\freetype.dll
Event: 0.655 Loaded shared library C:\Program Files\Java\jdk-18.0.2.1\bin\fontmanager.dll
Event: 0.756 Thread 0x000001448b96edf0 Thread exited: 0x000001448b96edf0
Event: 0.756 Thread 0x000001448b96edf0 Thread added: 0x000001448b96edf0
Event: 0.777 Thread 0x00000144adc81ba0 Thread added: 0x00000144adc81ba0
Event: 0.978 Thread 0x00000144b0732ee0 Thread added: 0x00000144b0732ee0
Event: 5.591 Thread 0x00000144b0521b90 Thread exited: 0x00000144b0521b90
Event: 5.791 Thread 0x00000144a9a513d0 Thread added: 0x00000144a9a513d0
Event: 5.862 Thread 0x00000144b07b2320 Thread added: 0x00000144b07b2320


Dynamic libraries:
0x00007ff689d00000 - 0x00007ff689d10000 	C:\Program Files\Java\jdk-18.0.2.1\bin\javaw.exe
0x00007ffa1c3a0000 - 0x00007ffa1c5a9000 	C:\windows\SYSTEM32\ntdll.dll
0x00007ffa1b1e0000 - 0x00007ffa1b29e000 	C:\windows\System32\KERNEL32.DLL
0x00007ffa19bc0000 - 0x00007ffa19f3b000 	C:\windows\System32\KERNELBASE.dll
0x00007ffa1a100000 - 0x00007ffa1a211000 	C:\windows\System32\ucrtbase.dll
0x00007ffa12a40000 - 0x00007ffa12a5a000 	C:\Program Files\Java\jdk-18.0.2.1\bin\VCRUNTIME140.dll
0x00007ffa115f0000 - 0x00007ffa11608000 	C:\Program Files\Java\jdk-18.0.2.1\bin\jli.dll
0x00007ffa1bb00000 - 0x00007ffa1bbae000 	C:\windows\System32\ADVAPI32.dll
0x00007ffa1c2b0000 - 0x00007ffa1c353000 	C:\windows\System32\msvcrt.dll
0x00007ffa1ba60000 - 0x00007ffa1bafe000 	C:\windows\System32\sechost.dll
0x00007ffa1b0c0000 - 0x00007ffa1b1e0000 	C:\windows\System32\RPCRT4.dll
0x00007ffa1ac40000 - 0x00007ffa1aded000 	C:\windows\System32\USER32.dll
0x00007ffa19a60000 - 0x00007ffa19a86000 	C:\windows\System32\win32u.dll
0x00007ffa10f60000 - 0x00007ffa11205000 	C:\windows\WinSxS\amd64_microsoft.windows.common-controls_6595b64144ccf1df_6.0.22000.120_none_9d947278b86cc467\COMCTL32.dll
0x00007ffa1a7d0000 - 0x00007ffa1a7f9000 	C:\windows\System32\GDI32.dll
0x00007ffa19f40000 - 0x00007ffa1a058000 	C:\windows\System32\gdi32full.dll
0x00007ffa1a060000 - 0x00007ffa1a0fd000 	C:\windows\System32\msvcp_win.dll
0x00007ffa12d50000 - 0x00007ffa12d5a000 	C:\windows\SYSTEM32\VERSION.dll
0x00007ffa1a800000 - 0x00007ffa1a832000 	C:\windows\System32\IMM32.DLL
0x00007ffa13500000 - 0x00007ffa1350c000 	C:\Program Files\Java\jdk-18.0.2.1\bin\vcruntime140_1.dll
0x00007ffa08a70000 - 0x00007ffa08afd000 	C:\Program Files\Java\jdk-18.0.2.1\bin\msvcp140.dll
0x00007ff9b2560000 - 0x00007ff9b3171000 	C:\Program Files\Java\jdk-18.0.2.1\bin\server\jvm.dll
0x00007ffa1bbc0000 - 0x00007ffa1bbc8000 	C:\windows\System32\PSAPI.DLL
0x00007ffa12af0000 - 0x00007ffa12af9000 	C:\windows\SYSTEM32\WSOCK32.dll
0x00007ffa12ab0000 - 0x00007ffa12ae3000 	C:\windows\SYSTEM32\WINMM.dll
0x00007ffa1a690000 - 0x00007ffa1a6ff000 	C:\windows\System32\WS2_32.dll
0x00007ffa18960000 - 0x00007ffa18978000 	C:\windows\SYSTEM32\kernel.appcore.dll
0x00007ffa0ee30000 - 0x00007ffa0ee3a000 	C:\Program Files\Java\jdk-18.0.2.1\bin\jimage.dll
0x00007ffa08ee0000 - 0x00007ffa09101000 	C:\windows\SYSTEM32\DBGHELP.DLL
0x00007ffa0edf0000 - 0x00007ffa0ee21000 	C:\windows\SYSTEM32\dbgcore.DLL
0x00007ffa199e0000 - 0x00007ffa19a5f000 	C:\windows\System32\bcryptPrimitives.dll
0x00007ffa08a40000 - 0x00007ffa08a65000 	C:\Program Files\Java\jdk-18.0.2.1\bin\java.dll
0x00007ffa085b0000 - 0x00007ffa08686000 	C:\Program Files\Java\jdk-18.0.2.1\bin\jsvml.dll
0x00007ffa1b2a0000 - 0x00007ffa1ba57000 	C:\windows\System32\SHELL32.dll
0x00007ffa17960000 - 0x00007ffa181c5000 	C:\windows\SYSTEM32\windows.storage.dll
0x00007ffa1a220000 - 0x00007ffa1a598000 	C:\windows\System32\combase.dll
0x00007ffa177f0000 - 0x00007ffa17956000 	C:\windows\SYSTEM32\wintypes.dll
0x00007ffa1afd0000 - 0x00007ffa1b0ba000 	C:\windows\System32\SHCORE.dll
0x00007ffa1ae50000 - 0x00007ffa1aead000 	C:\windows\System32\shlwapi.dll
0x00007ffa197a0000 - 0x00007ffa197c1000 	C:\windows\SYSTEM32\profapi.dll
0x00007ffa08850000 - 0x00007ffa08863000 	C:\Program Files\Java\jdk-18.0.2.1\bin\net.dll
0x00007ffa139e0000 - 0x00007ffa13af4000 	C:\windows\SYSTEM32\WINHTTP.dll
0x00007ffa18e10000 - 0x00007ffa18e77000 	C:\windows\system32\mswsock.dll
0x00007ffa08830000 - 0x00007ffa08846000 	C:\Program Files\Java\jdk-18.0.2.1\bin\nio.dll
0x00007ff9a0180000 - 0x00007ff9a030f000 	C:\Program Files\Java\jdk-18.0.2.1\bin\awt.dll
0x00007ffa1c040000 - 0x00007ffa1c116000 	C:\windows\System32\OLEAUT32.dll
0x00007ffa16ec0000 - 0x00007ffa16f52000 	C:\windows\SYSTEM32\apphelp.dll
0x00007ffa174d0000 - 0x00007ffa174ff000 	C:\windows\system32\DWMAPI.DLL
0x00007ffa16f80000 - 0x00007ffa1702c000 	C:\windows\system32\uxtheme.dll
0x00007ff9c7140000 - 0x00007ff9c7241000 	C:\windows\system32\opengl32.dll
0x00007ff9c6f60000 - 0x00007ff9c6f8d000 	C:\windows\SYSTEM32\GLU32.dll
0x00007ffa17060000 - 0x00007ffa17098000 	C:\windows\SYSTEM32\dxcore.dll
0x00007ffa1aeb0000 - 0x00007ffa1afcd000 	C:\windows\System32\MSCTF.dll
0x00007ffa1a840000 - 0x00007ffa1a9da000 	C:\windows\System32\ole32.dll
0x00007ff9d4110000 - 0x00007ff9d42b6000 	C:\windows\system32\d3d9.dll
0x00007ffa10c30000 - 0x00007ffa10de8000 	C:\windows\System32\DriverStore\FileRepository\u0375335.inf_amd64_7de275617d9da25a\B374868\aticfx64.dll
0x00007ff9e0a80000 - 0x00007ff9e0ab4000 	C:\windows\System32\DriverStore\FileRepository\u0375335.inf_amd64_7de275617d9da25a\B374868\atiu9p64.dll
0x00007ff9d33b0000 - 0x00007ff9d4104000 	C:\windows\System32\DriverStore\FileRepository\u0375335.inf_amd64_7de275617d9da25a\B374868\atiumd64.dll
0x0000000071e30000 - 0x0000000072ca3000 	C:\windows\System32\DriverStore\FileRepository\u0375335.inf_amd64_7de275617d9da25a\B374868\atiumd6a.dll
0x00007ffa1bbd0000 - 0x00007ffa1c03c000 	C:\windows\System32\SETUPAPI.dll
0x00007ffa18f20000 - 0x00007ffa18f6d000 	C:\windows\SYSTEM32\POWRPROF.dll
0x00007ffa18e80000 - 0x00007ffa18e93000 	C:\windows\SYSTEM32\UMPDC.dll
0x00007ffa10b10000 - 0x00007ffa10b40000 	C:\windows\SYSTEM32\amdihk64.dll
0x00007ffa152e0000 - 0x00007ffa15324000 	C:\windows\SYSTEM32\directxdatabasehelper.dll
0x00007ffa18980000 - 0x00007ffa189b4000 	C:\windows\SYSTEM32\ntmarta.dll
0x00007ffa08590000 - 0x00007ffa085a8000 	C:\Program Files\Java\jdk-18.0.2.1\bin\zip.dll
0x00007ffa15700000 - 0x00007ffa1572d000 	C:\Program Files\Java\jdk-18.0.2.1\bin\javajpeg.dll
0x00007ff9ad730000 - 0x00007ff9ad7b6000 	C:\Program Files\Java\jdk-18.0.2.1\bin\freetype.dll
0x00007ff9a2540000 - 0x00007ff9a25e8000 	C:\Program Files\Java\jdk-18.0.2.1\bin\fontmanager.dll
0x00007ffa1a710000 - 0x00007ffa1a7c5000 	C:\windows\System32\clbcatq.dll
0x00007ffa136f0000 - 0x00007ffa1389e000 	C:\windows\SYSTEM32\WindowsCodecs.dll
0x00007ff9f0430000 - 0x00007ff9f048d000 	C:\windows\system32\dataexchange.dll
0x00007ffa12200000 - 0x00007ffa12466000 	C:\windows\system32\twinapi.appcore.dll
0x00007ffa01ba0000 - 0x00007ffa01ccd000 	C:\windows\SYSTEM32\textinputframework.dll
0x00007ff9eac20000 - 0x00007ff9eb05f000 	C:\Windows\System32\uiautomationcore.dll
0x00007ffa18f70000 - 0x00007ffa18f99000 	C:\Windows\System32\USERENV.dll
0x00007ff9f0540000 - 0x00007ff9f05a9000 	C:\Windows\System32\OLEACC.dll
0x00007ffa16bd0000 - 0x00007ffa16d01000 	C:\windows\SYSTEM32\CoreMessaging.dll
0x00007ffa14ad0000 - 0x00007ffa14e3d000 	C:\windows\SYSTEM32\CoreUIComponents.dll
0x00007ffa190e0000 - 0x00007ffa190ec000 	C:\windows\SYSTEM32\CRYPTBASE.DLL

dbghelp: loaded successfully - version: 4.0.5 - missing functions: none
symbol engine: initialized successfully - sym options: 0x614 - pdb path: .;C:\Program Files\Java\jdk-18.0.2.1\bin;C:\windows\SYSTEM32;C:\windows\WinSxS\amd64_microsoft.windows.common-controls_6595b64144ccf1df_6.0.22000.120_none_9d947278b86cc467;C:\Program Files\Java\jdk-18.0.2.1\bin\server;C:\windows\System32\DriverStore\FileRepository\u0375335.inf_amd64_7de275617d9da25a\B374868

VM Arguments:
jvm_args: -Dfile.encoding=UTF-8 --module-path=C:\MUGESH\Quiz.Application\bin -XX:+ShowCodeDetailsInExceptionMessages -Djdk.module.main=Quiz.Application 
java_command: Quiz.Application/quiz.application.Login
java_class_path (initial): <not set>
Launcher Type: SUN_STANDARD

[Global flags]
     intx CICompilerCount                          = 4                                         {product} {ergonomic}
     uint ConcGCThreads                            = 3                                         {product} {ergonomic}
     uint G1ConcRefinementThreads                  = 10                                        {product} {ergonomic}
   size_t G1HeapRegionSize                         = 1048576                                   {product} {ergonomic}
    uintx GCDrainStackTargetSize                   = 64                                        {product} {ergonomic}
   size_t InitialHeapSize                          = 123731968                                 {product} {ergonomic}
   size_t MarkStackSize                            = 4194304                                   {product} {ergonomic}
   size_t MaxHeapSize                              = 1969225728                                {product} {ergonomic}
   size_t MaxNewSize                               = 1180696576                                {product} {ergonomic}
   size_t MinHeapDeltaBytes                        = 1048576                                   {product} {ergonomic}
   size_t MinHeapSize                              = 8388608                                   {product} {ergonomic}
    uintx NonNMethodCodeHeapSize                   = 5839372                                {pd product} {ergonomic}
    uintx NonProfiledCodeHeapSize                  = 122909434                              {pd product} {ergonomic}
    uintx ProfiledCodeHeapSize                     = 122909434                              {pd product} {ergonomic}
    uintx ReservedCodeCacheSize                    = 251658240                              {pd product} {ergonomic}
     bool SegmentedCodeCache                       = true                                      {product} {ergonomic}
     bool ShowCodeDetailsInExceptionMessages       = true                                   {manageable} {command line}
   size_t SoftMaxHeapSize                          = 1969225728                             {manageable} {ergonomic}
     bool UseCompressedClassPointers               = true                           {product lp64_product} {ergonomic}
     bool UseCompressedOops                        = true                           {product lp64_product} {ergonomic}
     bool UseG1GC                                  = true                                      {product} {ergonomic}
     bool UseLargePagesIndividualAllocation        = false                                  {pd product} {ergonomic}

Logging:
Log output configuration:
 #0: stdout all=warning uptime,level,tags foldmultilines=false
 #1: stderr all=off uptime,level,tags foldmultilines=false

Environment Variables:
PATH=C:\Program Files\Common Files\Oracle\Java\javapath;C:\windows\system32;C:\windows;C:\windows\System32\Wbem;C:\windows\System32\WindowsPowerShell\v1.0\;C:\windows\System32\OpenSSH\;C:\Users\Lokesh\AppData\Local\Microsoft\WindowsApps;C:\Program Files\SDCC\bin
USERNAME=Lokesh
OS=Windows_NT
PROCESSOR_IDENTIFIER=AMD64 Family 23 Model 104 Stepping 1, AuthenticAMD



---------------  S Y S T E M  ---------------

OS:
 Windows 11 , 64 bit Build 22000 (10.0.22000.1335)
OS uptime: 0 days 2:56 hours

CPU: total 12 (initial active 12) (12 cores per cpu, 2 threads per core) family 23 model 104 stepping 1 microcode 0x0, cx8, cmov, fxsr, ht, mmx, 3dnowpref, sse, sse2, sse3, ssse3, sse4a, sse4.1, sse4.2, popcnt, lzcnt, tsc, tscinvbit, avx, avx2, aes, clmul, bmi1, bmi2, adx, sha, fma, vzeroupper, clflush, clflushopt

Memory: 4k page, system-wide physical 7504M (1067M free)
TotalPageFile size 18481M (AvailPageFile size 4M)
current process WorkingSet (physical memory assigned to process): 121M, peak: 123M
current process commit charge ("private bytes"): 282M, peak: 288M

vm_info: Java HotSpot(TM) 64-Bit Server VM (18.0.2.1+1-1) for windows-amd64 JRE (18.0.2.1+1-1), built on Aug 16 2022 01:46:33 by "mach5one" with MS VC++ 16.8 / 16.9 (VS2019)

END.
